<?xml version="1.0" encoding="UTF-8"?>
<!-- Generated by org.testng.reporters.JUnitXMLReporter -->
<testsuite ignored="0" hostname="Moe" failures="1" tests="2" name="errortest" time="18.839" errors="0" timestamp="2024-01-14T18:28:04 EST">
  <testcase classname="UniversityofToronto.Tests.ErrorValidations" name="getLoginFailureMessage" time="0.877">
    <failure type="java.lang.AssertionError" message="expected [Incorrect email password.] but found [Incorrect email or password.]">
      <![CDATA[java.lang.AssertionError: expected [Incorrect email password.] but found [Incorrect email or password.]
at UniversityofToronto.Tests.ErrorValidations.getLoginFailureMessage(ErrorValidations.java:18)
at java.base/java.util.ArrayList.forEach(ArrayList.java:1596)
at java.base/java.util.concurrent.FutureTask.run(FutureTask.java:317)
at java.base/java.util.concurrent.ThreadPoolExecutor.runWorker(ThreadPoolExecutor.java:1144)
at java.base/java.util.concurrent.ThreadPoolExecutor$Worker.run(ThreadPoolExecutor.java:642)
at java.base/java.lang.Thread.run(Thread.java:1583)
... Removed 22 stack frames]]>
    </failure>
  </testcase> <!-- getLoginFailureMessage -->
  <testcase classname="UniversityofToronto.Tests.ErrorValidations" name="validateCart" time="3.406"/>
</testsuite> <!-- errortest -->
