<?xml version="1.0" encoding="UTF-8"?>
<!-- Generated by org.testng.reporters.JUnitXMLReporter -->
<testsuite ignored="0" hostname="Moe" failures="0" tests="3" name="maintestt" time="38.351" errors="0" timestamp="2024-01-14T18:28:24 EST">
  <testcase classname="UniversityofToronto.MainTest.MainStoreTest" name="runTest" time="6.591"/>
  <testcase classname="UniversityofToronto.MainTest.MainStoreTest" name="runTest" time="6.486"/>
  <testcase classname="UniversityofToronto.MainTest.MainStoreTest" name="runTest" time="6.425"/>
</testsuite> <!-- maintestt -->
