<?xml version="1.0" encoding="UTF-8"?>
<!-- Generated by org.testng.reporters.JUnitXMLReporter -->
<testsuite ignored="0" hostname="Moe" failures="1" tests="3" name="Test3" time="29.183" errors="0" timestamp="2024-01-14T23:21:01 EST">
  <testcase classname="UniversityofToronto.Tests.ErrorValidations2" name="getLoginFailureMessage" time="1.461">
    <skipped/>
  </testcase> <!-- getLoginFailureMessage -->
  <testcase classname="UniversityofToronto.Tests.ErrorValidations2" name="getLoginFailureMessage" time="0.904">
    <failure type="java.lang.AssertionError" message="expected [Incorrect email password.] but found [Incorrect email or password.]">
      <![CDATA[java.lang.AssertionError: expected [Incorrect email password.] but found [Incorrect email or password.]
at UniversityofToronto.Tests.ErrorValidations2.getLoginFailureMessage(ErrorValidations2.java:18)
at java.base/java.util.ArrayList.forEach(ArrayList.java:1596)
at java.base/java.util.concurrent.FutureTask.run(FutureTask.java:317)
at java.base/java.util.concurrent.ThreadPoolExecutor.runWorker(ThreadPoolExecutor.java:1144)
at java.base/java.util.concurrent.ThreadPoolExecutor$Worker.run(ThreadPoolExecutor.java:642)
at java.base/java.lang.Thread.run(Thread.java:1583)
... Removed 22 stack frames]]>
    </failure>
  </testcase> <!-- getLoginFailureMessage -->
  <testcase classname="UniversityofToronto.Tests.ErrorValidations2" name="validateCart" time="4.275"/>
</testsuite> <!-- Test3 -->
