<?xml version="1.0" encoding="UTF-8"?>
<!-- Generated by org.testng.reporters.JUnitXMLReporter -->
<testsuite ignored="0" hostname="Moe" failures="1" tests="5" name="Test" time="49.7" errors="0" timestamp="2024-01-14T21:03:18 EST">
  <testcase classname="UniversityofToronto.Tests.ErrorValidations" name="getLoginFailureMessage" time="0.649">
    <failure type="java.lang.AssertionError" message="expected [Incorrect email password.] but found [Incorrect email or password.]">
      <![CDATA[java.lang.AssertionError: expected [Incorrect email password.] but found [Incorrect email or password.]
at UniversityofToronto.Tests.ErrorValidations.getLoginFailureMessage(ErrorValidations.java:18)
at java.base/java.util.ArrayList.forEach(ArrayList.java:1596)
... Removed 31 stack frames]]>
    </failure>
  </testcase> <!-- getLoginFailureMessage -->
  <testcase classname="UniversityofToronto.Tests.ErrorValidations" name="validateCart" time="3.124"/>
  <testcase classname="UniversityofToronto.MainTest.MainStoreTest" name="runTest" time="6.502"/>
  <testcase classname="UniversityofToronto.MainTest.MainStoreTest" name="runTest" time="6.474"/>
  <testcase classname="UniversityofToronto.MainTest.MainStoreTest" name="runTest" time="6.692"/>
</testsuite> <!-- Test -->
