<?xml version="1.0" encoding="UTF-8"?>
<!-- Generated by org.testng.reporters.JUnitXMLReporter -->
<testsuite ignored="0" hostname="Moe" failures="0" tests="3" name="Test1" time="39.564" errors="0" timestamp="2024-01-16T23:06:46 EST">
  <testcase classname="UniversityofToronto.MainTest.MainStoreTest" name="runTest" time="7.499"/>
  <testcase classname="UniversityofToronto.MainTest.MainStoreTest" name="runTest" time="6.754"/>
  <testcase classname="UniversityofToronto.MainTest.MainStoreTest" name="runTest" time="6.812"/>
</testsuite> <!-- Test1 -->
