<?xml version="1.0" encoding="UTF-8"?>
<!-- Generated by org.testng.reporters.JUnitXMLReporter -->
<testsuite ignored="0" hostname="Moe" failures="0" tests="3" name="Test1" time="45.499" errors="0" timestamp="2024-01-16T22:38:56 EST">
  <testcase classname="UniversityofToronto.MainTest.MainStoreTest" name="runTest" time="7.624"/>
  <testcase classname="UniversityofToronto.MainTest.MainStoreTest" name="runTest" time="7.254"/>
  <testcase classname="UniversityofToronto.MainTest.MainStoreTest" name="runTest" time="7.32"/>
</testsuite> <!-- Test1 -->
