<?xml version="1.0" encoding="UTF-8"?>
<testng-results ignored="0" total="5" passed="5" failed="0" skipped="0">
  <reporter-output>
  </reporter-output>
  <suite started-at="2024-01-16T22:38:11 EST" name="Suite" finished-at="2024-01-16T22:38:56 EST" duration-ms="45499">
    <groups>
    </groups>
    <test started-at="2024-01-16T22:38:11 EST" name="Test2" finished-at="2024-01-16T22:38:29 EST" duration-ms="18457">
      <class name="UniversityofToronto.Tests.Validations">
        <test-method is-config="true" signature="startTest()[pri:0, instance:UniversityofToronto.Tests.Validations@333d4a8c]" started-at="2024-01-16T22:38:11 EST" name="startTest" finished-at="2024-01-16T22:38:17 EST" duration-ms="6629" status="PASS">
          <reporter-output>
          </reporter-output>
        </test-method> <!-- startTest -->
        <test-method signature="getLoginFailureMessage()[pri:0, instance:UniversityofToronto.Tests.Validations@333d4a8c]" started-at="2024-01-16T22:38:17 EST" name="getLoginFailureMessage" finished-at="2024-01-16T22:38:18 EST" duration-ms="914" status="PASS">
          <reporter-output>
          </reporter-output>
        </test-method> <!-- getLoginFailureMessage -->
        <test-method is-config="true" signature="closeTest()[pri:0, instance:UniversityofToronto.Tests.Validations@333d4a8c]" started-at="2024-01-16T22:38:18 EST" name="closeTest" finished-at="2024-01-16T22:38:18 EST" duration-ms="106" status="PASS">
          <reporter-output>
          </reporter-output>
        </test-method> <!-- closeTest -->
        <test-method is-config="true" signature="startTest()[pri:0, instance:UniversityofToronto.Tests.Validations@333d4a8c]" started-at="2024-01-16T22:38:18 EST" name="startTest" finished-at="2024-01-16T22:38:26 EST" duration-ms="7120" status="PASS">
          <reporter-output>
          </reporter-output>
        </test-method> <!-- startTest -->
        <test-method signature="validateCart()[pri:0, instance:UniversityofToronto.Tests.Validations@333d4a8c]" started-at="2024-01-16T22:38:26 EST" name="validateCart" finished-at="2024-01-16T22:38:29 EST" duration-ms="3488" status="PASS">
          <reporter-output>
          </reporter-output>
        </test-method> <!-- validateCart -->
        <test-method is-config="true" signature="closeTest()[pri:0, instance:UniversityofToronto.Tests.Validations@333d4a8c]" started-at="2024-01-16T22:38:29 EST" name="closeTest" finished-at="2024-01-16T22:38:29 EST" duration-ms="145" status="PASS">
          <reporter-output>
          </reporter-output>
        </test-method> <!-- closeTest -->
      </class> <!-- UniversityofToronto.Tests.Validations -->
    </test> <!-- Test2 -->
    <test started-at="2024-01-16T22:38:11 EST" name="Test1" finished-at="2024-01-16T22:38:56 EST" duration-ms="45499">
      <class name="UniversityofToronto.MainTest.MainStoreTest">
        <test-method is-config="true" signature="startTest()[pri:0, instance:UniversityofToronto.MainTest.MainStoreTest@496bc455]" started-at="2024-01-16T22:38:11 EST" name="startTest" finished-at="2024-01-16T22:38:19 EST" duration-ms="7527" status="PASS">
          <reporter-output>
          </reporter-output>
        </test-method> <!-- startTest -->
        <test-method signature="runTest(java.util.HashMap)[pri:0, instance:UniversityofToronto.MainTest.MainStoreTest@496bc455]" started-at="2024-01-16T22:38:19 EST" name="runTest" data-provider="getData" finished-at="2024-01-16T22:38:26 EST" duration-ms="7624" status="PASS">
          <params>
            <param index="0">
              <value>
                <![CDATA[{password=Password1, product=ADIDAS ORIGINAL, email=moema@hotmail.com}]]>
              </value>
            </param>
          </params>
          <reporter-output>
          </reporter-output>
        </test-method> <!-- runTest -->
        <test-method is-config="true" signature="closeTest()[pri:0, instance:UniversityofToronto.MainTest.MainStoreTest@496bc455]" started-at="2024-01-16T22:38:26 EST" name="closeTest" finished-at="2024-01-16T22:38:26 EST" duration-ms="132" status="PASS">
          <reporter-output>
          </reporter-output>
        </test-method> <!-- closeTest -->
        <test-method is-config="true" signature="startTest()[pri:0, instance:UniversityofToronto.MainTest.MainStoreTest@496bc455]" started-at="2024-01-16T22:38:26 EST" name="startTest" finished-at="2024-01-16T22:38:34 EST" duration-ms="7919" status="PASS">
          <reporter-output>
          </reporter-output>
        </test-method> <!-- startTest -->
        <test-method signature="runTest(java.util.HashMap)[pri:0, instance:UniversityofToronto.MainTest.MainStoreTest@496bc455]" started-at="2024-01-16T22:38:34 EST" name="runTest" data-provider="getData" finished-at="2024-01-16T22:38:42 EST" duration-ms="7254" status="PASS">
          <params>
            <param index="0">
              <value>
                <![CDATA[{password=Password2, product=ZARA COAT 3, email=mike@hotmail.com}]]>
              </value>
            </param>
          </params>
          <reporter-output>
          </reporter-output>
        </test-method> <!-- runTest -->
        <test-method is-config="true" signature="closeTest()[pri:0, instance:UniversityofToronto.MainTest.MainStoreTest@496bc455]" started-at="2024-01-16T22:38:42 EST" name="closeTest" finished-at="2024-01-16T22:38:42 EST" duration-ms="83" status="PASS">
          <reporter-output>
          </reporter-output>
        </test-method> <!-- closeTest -->
        <test-method is-config="true" signature="startTest()[pri:0, instance:UniversityofToronto.MainTest.MainStoreTest@496bc455]" started-at="2024-01-16T22:38:42 EST" name="startTest" finished-at="2024-01-16T22:38:49 EST" duration-ms="7270" status="PASS">
          <reporter-output>
          </reporter-output>
        </test-method> <!-- startTest -->
        <test-method signature="runTest(java.util.HashMap)[pri:0, instance:UniversityofToronto.MainTest.MainStoreTest@496bc455]" started-at="2024-01-16T22:38:49 EST" name="runTest" data-provider="getData" finished-at="2024-01-16T22:38:56 EST" duration-ms="7320" status="PASS">
          <params>
            <param index="0">
              <value>
                <![CDATA[{password=Password3, product=IPHONE 13 PRO, email=jack@hotmail.com}]]>
              </value>
            </param>
          </params>
          <reporter-output>
          </reporter-output>
        </test-method> <!-- runTest -->
        <test-method is-config="true" signature="closeTest()[pri:0, instance:UniversityofToronto.MainTest.MainStoreTest@496bc455]" started-at="2024-01-16T22:38:56 EST" name="closeTest" finished-at="2024-01-16T22:38:56 EST" duration-ms="75" status="PASS">
          <reporter-output>
          </reporter-output>
        </test-method> <!-- closeTest -->
      </class> <!-- UniversityofToronto.MainTest.MainStoreTest -->
    </test> <!-- Test1 -->
  </suite> <!-- Suite -->
</testng-results>
