<?xml version="1.0" encoding="UTF-8"?>
<testng-results ignored="0" total="5" passed="5" failed="0" skipped="0">
  <reporter-output>
  </reporter-output>
  <suite started-at="2024-01-16T23:06:06 EST" name="Suite" finished-at="2024-01-16T23:06:46 EST" duration-ms="39564">
    <groups>
    </groups>
    <test started-at="2024-01-16T23:06:06 EST" name="Test2" finished-at="2024-01-16T23:06:26 EST" duration-ms="19414">
      <class name="UniversityofToronto.Tests.Validations">
        <test-method is-config="true" signature="startTest()[pri:0, instance:UniversityofToronto.Tests.Validations@47caedad]" started-at="2024-01-16T23:06:07 EST" name="startTest" finished-at="2024-01-16T23:06:15 EST" duration-ms="8259" status="PASS">
          <reporter-output>
          </reporter-output>
        </test-method> <!-- startTest -->
        <test-method signature="getLoginFailureMessage()[pri:0, instance:UniversityofToronto.Tests.Validations@47caedad]" started-at="2024-01-16T23:06:15 EST" name="getLoginFailureMessage" finished-at="2024-01-16T23:06:16 EST" duration-ms="1089" status="PASS">
          <reporter-output>
          </reporter-output>
        </test-method> <!-- getLoginFailureMessage -->
        <test-method is-config="true" signature="closeTest()[pri:0, instance:UniversityofToronto.Tests.Validations@47caedad]" started-at="2024-01-16T23:06:16 EST" name="closeTest" finished-at="2024-01-16T23:06:16 EST" duration-ms="93" status="PASS">
          <reporter-output>
          </reporter-output>
        </test-method> <!-- closeTest -->
        <test-method is-config="true" signature="startTest()[pri:0, instance:UniversityofToronto.Tests.Validations@47caedad]" started-at="2024-01-16T23:06:16 EST" name="startTest" finished-at="2024-01-16T23:06:22 EST" duration-ms="5899" status="PASS">
          <reporter-output>
          </reporter-output>
        </test-method> <!-- startTest -->
        <test-method signature="validateCart()[pri:0, instance:UniversityofToronto.Tests.Validations@47caedad]" started-at="2024-01-16T23:06:22 EST" name="validateCart" finished-at="2024-01-16T23:06:26 EST" duration-ms="3942" status="PASS">
          <reporter-output>
          </reporter-output>
        </test-method> <!-- validateCart -->
        <test-method is-config="true" signature="closeTest()[pri:0, instance:UniversityofToronto.Tests.Validations@47caedad]" started-at="2024-01-16T23:06:26 EST" name="closeTest" finished-at="2024-01-16T23:06:26 EST" duration-ms="83" status="PASS">
          <reporter-output>
          </reporter-output>
        </test-method> <!-- closeTest -->
      </class> <!-- UniversityofToronto.Tests.Validations -->
    </test> <!-- Test2 -->
    <test started-at="2024-01-16T23:06:06 EST" name="Test1" finished-at="2024-01-16T23:06:46 EST" duration-ms="39564">
      <class name="UniversityofToronto.MainTest.MainStoreTest">
        <test-method is-config="true" signature="startTest()[pri:0, instance:UniversityofToronto.MainTest.MainStoreTest@4c163e3]" started-at="2024-01-16T23:06:07 EST" name="startTest" finished-at="2024-01-16T23:06:14 EST" duration-ms="7576" status="PASS">
          <reporter-output>
          </reporter-output>
        </test-method> <!-- startTest -->
        <test-method signature="runTest(java.util.HashMap)[pri:0, instance:UniversityofToronto.MainTest.MainStoreTest@4c163e3]" started-at="2024-01-16T23:06:14 EST" name="runTest" data-provider="getData" finished-at="2024-01-16T23:06:22 EST" duration-ms="7499" status="PASS">
          <params>
            <param index="0">
              <value>
                <![CDATA[{password=Password1, product=ADIDAS ORIGINAL, email=moema@hotmail.com}]]>
              </value>
            </param>
          </params>
          <reporter-output>
          </reporter-output>
        </test-method> <!-- runTest -->
        <test-method is-config="true" signature="closeTest()[pri:0, instance:UniversityofToronto.MainTest.MainStoreTest@4c163e3]" started-at="2024-01-16T23:06:22 EST" name="closeTest" finished-at="2024-01-16T23:06:22 EST" duration-ms="84" status="PASS">
          <reporter-output>
          </reporter-output>
        </test-method> <!-- closeTest -->
        <test-method is-config="true" signature="startTest()[pri:0, instance:UniversityofToronto.MainTest.MainStoreTest@4c163e3]" started-at="2024-01-16T23:06:22 EST" name="startTest" finished-at="2024-01-16T23:06:27 EST" duration-ms="5028" status="PASS">
          <reporter-output>
          </reporter-output>
        </test-method> <!-- startTest -->
        <test-method signature="runTest(java.util.HashMap)[pri:0, instance:UniversityofToronto.MainTest.MainStoreTest@4c163e3]" started-at="2024-01-16T23:06:27 EST" name="runTest" data-provider="getData" finished-at="2024-01-16T23:06:34 EST" duration-ms="6754" status="PASS">
          <params>
            <param index="0">
              <value>
                <![CDATA[{password=Password2, product=ZARA COAT 3, email=mike@hotmail.com}]]>
              </value>
            </param>
          </params>
          <reporter-output>
          </reporter-output>
        </test-method> <!-- runTest -->
        <test-method is-config="true" signature="closeTest()[pri:0, instance:UniversityofToronto.MainTest.MainStoreTest@4c163e3]" started-at="2024-01-16T23:06:34 EST" name="closeTest" finished-at="2024-01-16T23:06:34 EST" duration-ms="61" status="PASS">
          <reporter-output>
          </reporter-output>
        </test-method> <!-- closeTest -->
        <test-method is-config="true" signature="startTest()[pri:0, instance:UniversityofToronto.MainTest.MainStoreTest@4c163e3]" started-at="2024-01-16T23:06:34 EST" name="startTest" finished-at="2024-01-16T23:06:39 EST" duration-ms="5355" status="PASS">
          <reporter-output>
          </reporter-output>
        </test-method> <!-- startTest -->
        <test-method signature="runTest(java.util.HashMap)[pri:0, instance:UniversityofToronto.MainTest.MainStoreTest@4c163e3]" started-at="2024-01-16T23:06:39 EST" name="runTest" data-provider="getData" finished-at="2024-01-16T23:06:46 EST" duration-ms="6812" status="PASS">
          <params>
            <param index="0">
              <value>
                <![CDATA[{password=Password3, product=IPHONE 13 PRO, email=jack@hotmail.com}]]>
              </value>
            </param>
          </params>
          <reporter-output>
          </reporter-output>
        </test-method> <!-- runTest -->
        <test-method is-config="true" signature="closeTest()[pri:0, instance:UniversityofToronto.MainTest.MainStoreTest@4c163e3]" started-at="2024-01-16T23:06:46 EST" name="closeTest" finished-at="2024-01-16T23:06:46 EST" duration-ms="81" status="PASS">
          <reporter-output>
          </reporter-output>
        </test-method> <!-- closeTest -->
      </class> <!-- UniversityofToronto.MainTest.MainStoreTest -->
    </test> <!-- Test1 -->
  </suite> <!-- Suite -->
</testng-results>
